0:100  0:100  MemLog inited, TSC freq: 3600498180
0:100  0:000  CPU was calibrated with RTC
0:100  0:000  CloverX64 : Image base = 0xBD4C2000
0:100  0:000  Clover ImageHandle = c456ea18
0:120  0:020  === [ Starting Clover ] =========================
0:120  0:000  Now is 27.01.2022,  12:13:18 (GMT)
0:120  0:000  Starting Clover revision: 5142 (master, commit 50b364ee3) on American Megatrends EFI
0:120  0:000  Build id: 20211102184453-50b364e-5142-dirty
0:120  0:000  Build with: [Args: -D NO_GRUB_DRIVERS_EMBEDDED -D LESS_DEBUG -t GCC53 | --cmd-len=50000 -D NO_GRUB_DRIVERS_EMBEDDED -D LESS_DEBUG --conf=/Users/sergey/src/CloverBootloader/Conf -D USE_LOW_EBDA -a X64 -b RELEASE -t GCC53 -n 5 | OS: 12.1]
0:120  0:000  === [ Get Smbios ] ==============================
0:120  0:000  Type 16 Index = 0
0:120  0:000  Total Memory Slots Count = 4
0:120  0:000  Type 17 Index = 0
0:120  0:000  SmbiosTable.Type17->SlotIndex = 0
0:120  0:000  SmbiosTable.Type17->ModuleSize = 4096MB
0:120  0:000  SmbiosTable.Type17->Type = 0
0:120  0:000  SmbiosTable.Type17->Frequency = 2400MHz
0:120  0:000  SmbiosTable.Type17->Bank/Device = BANK 0 ChannelA-DIMM0
0:120  0:000  SmbiosTable.Type17->Vendor = Samsung
0:120  0:000  SmbiosTable.Type17->SerialNo = 42807981
0:120  0:000  SmbiosTable.Type17->PartNo = M378A5244CB0-CTD
0:120  0:000  Type 17 Index = 1
0:120  0:000  Ignoring insane frequency value 0MHz
0:120  0:000  Type 17 Index = 2
0:120  0:000  Ignoring insane frequency value 0MHz
0:120  0:000  Type 17 Index = 3
0:120  0:000  Ignoring insane frequency value 0MHz
0:120  0:000  Boot status=0
0:120  0:000  Running on: 'H310N 2.0' with board 'H310N 2.0'
0:120  0:000  === [ GetCPUProperties ] ========================
0:120  0:000  CPU Vendor = 756E6547 Model=906EB
0:120  0:000   The CPU supported SSE4.1
0:120  0:000   The CPU supported RDRAND
0:120  0:000  BrandString = Intel(R) Core(TM) i3-8100 CPU @ 3.60GHz
0:120  0:000   The CPU not supported turbo
0:120  0:000   Energy PerfBias is  not visible:
0:120  0:000  MSR 0x35               40004
0:120  0:000   TSC/CCC Information Leaf:
0:120  0:000    numerator     : 300
0:120  0:000    denominator   : 2
0:120  0:000   Calibrated ARTFrequency: 24003321
0:120  0:000   Rounded ARTFrequency: 24000000
0:120  0:000  MSR 0xE2 before patch 1E008000
0:120  0:000  MSR 0xE2 is locked, PM patches will be turned on
0:120  0:000  MSR 0xCE              00080838_F1012400
0:120  0:000  corrected FLEX_RATIO = 0
0:120  0:000  FSBFrequency = 100 MHz, DMI FSBFrequency = 100 MHz, Corrected FSBFrequency = 100 MHz
0:120  0:000  MaxDiv/MinDiv: 36.0/8
0:120  0:000  Turbo: 36/36/36/36
0:120  0:000  Features: 0x77FAFBBFBFEBFBFF
0:120  0:000  Threads: 4
0:120  0:000  Cores: 4
0:120  0:000  FSB: 100 MHz
0:120  0:000  CPU: 3600 MHz
0:120  0:000  TSC: 3600 MHz
0:120  0:000  PIS: 100 MHz
0:120  0:000  ExternalClock: 25 MHz
0:120  0:000  === [ GetDevices ] ==============================
0:120  0:000  GOP found at: PciRoot(0x0)/Pci(0x2,0x0)/AcpiAdr(0x80010100)
0:120  0:000  PCI (00|00:00.00) : 8086 3E1F class=060000
0:120  0:000  PCI (00|00:02.00) : 8086 3E91 class=030000
0:120  0:000   - GFX: Model=Intel UHD Graphics 630 (Intel)
0:120  0:000   - GOP: Provided by device
0:120  0:000  PCI (00|00:08.00) : 8086 1911 class=088000
0:120  0:000  PCI (00|00:14.00) : 8086 A2AF class=0C0330
0:120  0:000  PCI (00|00:16.00) : 8086 A2BA class=078000
0:120  0:000  PCI (00|00:17.00) : 8086 A282 class=010601
0:120  0:000  PCI (00|00:1C.00) : 8086 A294 class=060400
0:120  0:000  PCI (00|00:1D.00) : 8086 A29A class=060400
0:120  0:000  PCI (00|02:00.00) : 10EC 8168 class=020000
0:120  0:000   - LAN: 1 Vendor=Realtek
0:120  0:000  Legacy MAC address of LAN #0= B4:2E:99:A6:82:07:
0:120  0:000  PCI (00|00:1D.03) : 8086 A29B class=060400
0:120  0:000  PCI (00|00:1F.00) : 8086 A2CA class=060100
0:120  0:000  PCI (00|00:1F.02) : 8086 A2A1 class=058000
0:120  0:000  PCI (00|00:1F.03) : 8086 A2F0 class=040300
0:120  0:000  PCI (00|00:1F.04) : 8086 A2A3 class=0C0500
0:122  0:002  _checkOEMPath Look for oem dir at path '\EFI\CLOVER\OEM\H310N 2.0--B4-2E-99-A6-82-07'. Dir doesn't exist.
0:122  0:000  _checkOEMPath Look for oem dir at path '\EFI\CLOVER\OEM\H310N 2.0\UEFI'. Dir doesn't exist.
0:122  0:000  _checkOEMPath Look for oem dir at path '\EFI\CLOVER\OEM\H310N 2.0'. Dir doesn't exist.
0:122  0:000  _checkOEMPath Look for oem dir at path '\EFI\CLOVER\OEM\H310N 2.0-3600'. Dir doesn't exist.
0:122  0:000  _checkOEMPath Look for oem dir at path '\EFI\CLOVER\OEM\H310N 2.0'. Dir doesn't exist.
0:122  0:000  _checkOEMPath Look for oem dir at path '\EFI\CLOVER\OEM\H310N 2.0-3600'. Dir doesn't exist.
0:122  0:000  === [ GetUserSettings ] =========================
0:122  0:000  GetDefaultModel()=iMac18,3
0:122  0:000  Using config.plist at path: \EFI\CLOVER
0:123  0:000  Cannot find smbios.plist at path '\EFI\CLOVER' : Not Found
0:123  0:000  '\EFI\CLOVER\smbios.plist' not loaded. Efi error Not Found
0:123  0:000  Using latest BiosVersion from config instead of default 'IMP11.88Z.F000.B00.2107050205'
0:123  0:000  Using latest BiosReleaseDate from config instead of default '07/05/2021'
0:123  0:000  Using latest EfiVersion from config instead of default '1715.0.57.0.0'
0:123  0:000  BiosVersion: IMP11.88Z.F000.B00.2109052150
0:123  0:000  BiosReleaseDate: 09/05/2021
0:123  0:000  EfiVersion: 1715.40.12.0.0
0:123  0:000  Calibrated TSC Frequency = 3600498180 = 3600MHz
0:123  0:000  GOP found at: PciRoot(0x0)/Pci(0x2,0x0)/AcpiAdr(0x80010100)
0:124  0:000  === [ GetListOfThemes ] =========================
0:124  0:000  - [00]: evilgen
0:131  0:007  - [01]: random
0:131  0:000  - [01]: embedded
0:133  0:002  === [ Found config plists ] =====================
0:133  0:000  - config_Notebook300.plist
0:133  0:000  - config775.plist
0:133  0:000  - config_Notebook100.200.plist
0:133  0:000  - config_Series 300.400.plist
0:134  0:000  - configOr.plist
0:134  0:000  - config_Series 100.200.plist
0:134  0:000  - config_i3630-0x5912.plist
0:134  0:000  - config_8th_Gen_Mobile.plist
0:134  0:000  - configiMac19.2-f0x8.plist
0:134  0:000  - config_amd.plist
0:134  0:000  - config_Series 500.plist
0:134  0:000  - configX99.plist
0:134  0:000  - configx299.plist
0:134  0:000  - configX79.plist
0:134  0:000  - config.plist
0:134  0:000  - config_10th_Gen_Mobile.plist
0:134  0:000  - configX58.plist
0:134  0:000  - config_Series 600.plist
0:134  0:000  - config_Notebook.plist
0:134  0:000  - configMBP142.plist
0:134  0:000  - configHP.plist
0:134  0:000  === [ LoadDrivers ] =============================
0:134  0:000  Loading HFSPlus.efi status=Success
0:141  0:007   - driver needs connecting
0:141  0:000  Loading ApfsDriverLoader.efi status=Success
0:142  0:000   - driver needs connecting
0:142  0:000  2 drivers needs connecting ...
0:142  0:000  PlatformDriverOverrideProtocol->GetDriver overriden
0:142  0:000  HFS+ driver loaded
0:142  0:000  APFS driver loaded
0:142  0:000  Searching for invalid DiskIo BY_DRIVER connects: not found, all ok
0:715  0:572  === [ InitScreen ] ==============================
0:715  0:000  Console modes reported: 6, available modes:
0:715  0:000   - [01]: 80x25 (current mode)
0:715  0:000   - [02]: 80x50
0:715  0:000   - [03]: 100x31
0:715  0:000   - [04]: 127x33
0:715  0:000   - [06]: 120x50
0:715  0:000  SetMaxResolution: found best mode 4: 1920x1080
1:020  0:305  Video mode change to mode #4: Success
1:020  0:000   - set
1:020  0:000  SetScreenResolution: 1920x1080 - already set
1:021  0:000  Using embedded font
1:022  0:000  === [ ScanSPD ] =================================
1:022  0:000  Scanning SMBus [8086:A2A3], mmio: 0xF712A004, ioport: 0xF040, hostc: 0x11
1:040  0:018  Not using XMP because it is not present
1:040  0:000  Slot: 0 Type 26 4096MB 2666MHz Vendor=Samsung PartNo=M378A5244CB0-CTD SerialNo=42807981
1:042  0:001  === [ GetAcpiTablesList ] =======================
1:042  0:000  Get Acpi Tables List from RSDT:
1:042  0:000   - [00]: FACP  A M I len=132
1:042  0:000   - [01]: APIC  A M I len=132
1:042  0:000   - [02]: FPDT  A M I len=68
1:042  0:000   - [03]: FIDT  A M I len=156
1:042  0:000   - [04]: MCFG  A M I len=60
1:042  0:000   - [05]: SSDT  A M I len=931
1:042  0:000   - [06]: SSDT  A M I len=30756
1:042  0:000   - [07]: SSDT  A M I len=12645
1:042  0:000   - [08]: HPET  A M I len=56
1:042  0:000   - [09]: SSDT  A M I len=4522
1:042  0:000   - [10]: SSDT  A M I len=10967
1:042  0:000   - [11]: UEFI  A M I len=66
1:042  0:000   - [12]: SSDT  A M I len=6062
1:042  0:000   - [13]: LPIT  A M I len=148
1:042  0:000   - [14]: SSDT  A M I len=321
1:042  0:000   - [15]: SSDT  A M I len=671
1:042  0:000   - [16]: SSDT  A M I len=12290
1:042  0:000   - [17]: SSDT  A M I len=1303
1:042  0:000   - [18]: SSDT  A M I len=745
1:042  0:000   - [19]: DBGP  A M I len=52
1:042  0:000   - [20]: DBG2  A M I len=84
1:042  0:000   - [21]: BGRT  A M I len=56
1:042  0:000   - [22]: WSMT  A M I len=40
1:042  0:000  Custom boot CUSTOM_BOOT_USER_DISABLED (0x0)
1:042  0:000  Default theme: evilgen
1:043  0:000  === [ Found DSDT tables ] =======================
1:043  0:000  === [ InitKextList ] ============================
1:111  0:067  === [ ScanVolumes ] =============================
1:111  0:000  Found 10 volumes with blockIO
1:111  0:000  - [00]: Volume: PciRoot(0x0)\Pci(0x14,0x0)\USB(0x2,0x0)
1:111  0:000  - [01]: Volume: PciRoot(0x0)\Pci(0x14,0x0)\USB(0x2,0x0)\HD(1,GPT,E8ED2D34-8F89-42E4-A498-AB0ED3A060DA,0x28,0x64000)
1:112  0:000          Result of bootcode detection: bootable unknown (legacy)
1:114  0:002            label : EFI
1:114  0:000          This is SelfVolume !!
1:114  0:000  - [02]: Volume: PciRoot(0x0)\Pci(0x14,0x0)\USB(0x2,0x0)\HD(2,GPT,FBB6D356-FDF6-4847-AE0A-5F6009E33441,0x64028,0x1C37FB0)
1:115  0:000            label : Install macOS Monterey
1:115  0:000  - [03]: Volume: PciRoot(0x0)\Pci(0x17,0x0)\Sata(0x0,0xFFFF,0x0)
1:116  0:000  - [04]: Volume: PciRoot(0x0)\Pci(0x17,0x0)\Sata(0x0,0xFFFF,0x0)\HD(1,GPT,29219658-AA33-428F-9868-3DD37BFF4446,0x28,0x64000)
1:116  0:000          Result of bootcode detection: bootable unknown (legacy)
1:119  0:002            label : EFI
1:119  0:000  - [05]: Volume: PciRoot(0x0)\Pci(0x17,0x0)\Sata(0x0,0xFFFF,0x0)\HD(2,GPT,F05D1450-4F84-49A5-B5A4-B829627C9589,0x64028,0xDF30B60)
1:119  0:000          Result of bootcode detection: bootable unknown (legacy)
1:119  0:000  - [06]: Volume: PciRoot(0x0)\Pci(0x17,0x0)\Sata(0x0,0xFFFF,0x0)\HD(2,GPT,F05D1450-4F84-49A5-B5A4-B829627C9589,0x64028,0xDF30B60)\VenMedia(BE74FCF7-0B7C-49F3-9147-01F4042E6842,0778B504AAFBEE4CB633A4C4EED90B9E)
1:119  0:000            apfsFileSystemUUID=04B57807-FBAA-4CEE-B633-A4C4EED90B9E, ApfsContainerUUID=9FF6D73C-6237-4BBD-82DF-C6E6FA43014E, ApfsRole=0x10
1:119  0:000            label : Preboot
1:119  0:000  - [07]: Volume: PciRoot(0x0)\Pci(0x17,0x0)\Sata(0x0,0xFFFF,0x0)\HD(2,GPT,F05D1450-4F84-49A5-B5A4-B829627C9589,0x64028,0xDF30B60)\VenMedia(BE74FCF7-0B7C-49F3-9147-01F4042E6842,12ECCBEE1D7A7141AB442B3EEDF3DA14)
1:120  0:000            apfsFileSystemUUID=EECBEC12-7A1D-4171-AB44-2B3EEDF3DA14, ApfsContainerUUID=9FF6D73C-6237-4BBD-82DF-C6E6FA43014E, ApfsRole=0x0
1:120  0:000            label : ssd
1:120  0:000  - [08]: Volume: PciRoot(0x0)\Pci(0x17,0x0)\Sata(0x0,0xFFFF,0x0)\HD(2,GPT,F05D1450-4F84-49A5-B5A4-B829627C9589,0x64028,0xDF30B60)\VenMedia(BE74FCF7-0B7C-49F3-9147-01F4042E6842,53F026985997B94D8BE9C022402E2CFB)
1:120  0:000            apfsFileSystemUUID=9826F053-9759-4DB9-8BE9-C022402E2CFB, ApfsContainerUUID=9FF6D73C-6237-4BBD-82DF-C6E6FA43014E, ApfsRole=0x4
1:120  0:000            label : Recovery
1:120  0:000  - [09]: Volume: PciRoot(0x0)\Pci(0x17,0x0)\Sata(0x0,0xFFFF,0x0)\HD(2,GPT,F05D1450-4F84-49A5-B5A4-B829627C9589,0x64028,0xDF30B60)\VenMedia(BE74FCF7-0B7C-49F3-9147-01F4042E6842,7FFA85A2FD8C1242AA1F21E16BE167C3)
1:120  0:000            apfsFileSystemUUID=A285FA7F-8CFD-4212-AA1F-21E16BE167C3, ApfsContainerUUID=9FF6D73C-6237-4BBD-82DF-C6E6FA43014E, ApfsRole=0x8
1:120  0:000            label : VM
1:120  0:000  No AudioIoProtocols, status=Not Found
1:120  0:000  === [ InitXTheme ] ==============================
1:120  0:000  use Daylight theme
1:123  0:002  Using theme 'evilgen' (evilgen)
1:123  0:000  chosen theme evilgen
1:123  0:000  OS main and drive as badge
1:243  0:120  sound play end with status=Device Error
1:244  0:000  theme inited
1:244  0:000  Chosen theme evilgen
1:245  0:000  after NVRAM boot-args=dart=0 watchdog=0 alcid=1 -no_compat_check -revsbvmm -v
1:245  0:000  === [ Dump SMC keys from NVRAM ] ================
1:245  0:000  no AppleSMC protocol
1:259  0:014     fakesmc-key-#KEY-ui32:00 00 00 11 
1:260  0:000     fakesmc-key-$Adr-ui32:00 00 03 00 
1:260  0:000     fakesmc-key-$Num-ui8:01 
1:261  0:000     fakesmc-key-RMde-char:41 
1:262  0:000     fakesmc-key-RPlt-ch8*:6A 31 33 37 00 00 00 00 
1:263  0:000     fakesmc-key-BEMB-flag:00 
1:264  0:000     fakesmc-key-BATP-flag:00 
1:264  0:000     fakesmc-key-BNum-ui8:00 
1:265  0:000     fakesmc-key-MSTc-ui8:00 
1:266  0:000     fakesmc-key-MSAc-ui16:00 00 
1:267  0:000     fakesmc-key-MSWr-ui8:00 
1:267  0:000     fakesmc-key-MSFW-ui8:01 00 
1:268  0:000     fakesmc-key-MSPS-ui16:00 03 
1:273  0:004     fakesmc-key-RBr -ch8*:6A 31 33 38 5F 39 00 00 
1:274  0:000     fakesmc-key-EPCI-ui32:09 D0 F0 00 
1:274  0:000     fakesmc-key-REV -ch8*:02 47 0F 00 00 03 
1:276  0:002     fakesmc-key-BBIN-ui8:01 
1:290  0:013  === [ ScanLoader ] ==============================
1:290  0:000  - [01]: 'EFI'
1:290  0:000        AddLoaderEntry for Volume Name=EFI, idx=0
1:290  0:000        OSVersion= 
1:290  0:000        IconName=unknown comma=-1 size=7
1:290  0:000        Full=unknown
1:290  0:000        Show badge as Drive.
1:290  0:000        Loader entry created for 'PciRoot(0x0)\Pci(0x14,0x0)\USB(0x2,0x0)\HD(1,GPT,E8ED2D34-8F89-42E4-A498-AB0ED3A060DA,0x28,0x64000)\EFI\BOOT\BOOTX64.efi'
1:290  0:000        Menu entry added at index 0
1:290  0:000       hiding entry because DiskKind is DISK_KIND_EXTERNAL: \EFI\BOOT\BOOTX64.efi
1:290  0:000  - [02]: 'Install macOS Monterey'
1:291  0:000        AddLoaderEntry for Volume Name=Install macOS Monterey, idx=1
1:293  0:002        OSVersion=12.2 
1:293  0:000        IconName=monterey,mac comma=8 size=12
1:293  0:000        first=os_monterey
1:293  0:000        Show badge as Drive.
1:293  0:000        Loader entry created for 'PciRoot(0x0)\Pci(0x14,0x0)\USB(0x2,0x0)\HD(2,GPT,FBB6D356-FDF6-4847-AE0A-5F6009E33441,0x64028,0x1C37FB0)\System\Library\CoreServices\boot.efi'
1:294  0:001        Menu entry added at index 1
1:295  0:000  - [04]: 'EFI'
1:310  0:015  - [06]: 'Preboot'
1:310  0:000      ApfsContainerUUID=9FF6D73C-6237-4BBD-82DF-C6E6FA43014E
1:310  0:000      ApfsFileSystemUUID=04B57807-FBAA-4CEE-B633-A4C4EED90B9E
1:310  0:000      APFSTargetUUID=EECBEC12-7A1D-4171-AB44-2B3EEDF3DA14
1:316  0:005        AddLoaderEntry for Volume Name=Preboot, idx=2
1:316  0:000        OSVersion=12.2 
1:316  0:000        IconName=monterey,mac comma=8 size=12
1:316  0:000        first=os_monterey
1:317  0:000        Show badge as Drive.
1:317  0:000        Loader entry created for 'PciRoot(0x0)\Pci(0x17,0x0)\Sata(0x0,0xFFFF,0x0)\HD(2,GPT,F05D1450-4F84-49A5-B5A4-B829627C9589,0x64028,0xDF30B60)\VenMedia(BE74FCF7-0B7C-49F3-9147-01F4042E6842,0778B504AAFBEE4CB633A4C4EED90B9E)\EECBEC12-7A1D-4171-AB44-2B3EEDF3DA14\com.apple.installer\boot.efi'
1:318  0:001        Menu entry added at index 2
1:318  0:000  - [07]: 'ssd'
1:318  0:000      ApfsContainerUUID=9FF6D73C-6237-4BBD-82DF-C6E6FA43014E
1:318  0:000      ApfsFileSystemUUID=EECBEC12-7A1D-4171-AB44-2B3EEDF3DA14
1:318  0:000        AddLoaderEntry for Volume Name=ssd, idx=3
1:321  0:002        OSVersion=12.2 
1:321  0:000        IconName=monterey,mac comma=8 size=12
1:321  0:000        first=os_monterey
1:321  0:000        Show badge as Drive.
1:321  0:000        Loader entry created for 'PciRoot(0x0)\Pci(0x17,0x0)\Sata(0x0,0xFFFF,0x0)\HD(2,GPT,F05D1450-4F84-49A5-B5A4-B829627C9589,0x64028,0xDF30B60)\VenMedia(BE74FCF7-0B7C-49F3-9147-01F4042E6842,12ECCBEE1D7A7141AB442B3EEDF3DA14)\macOS Install Data\Locked Files\Boot Files\boot.efi'
1:322  0:001        Menu entry added at index 3
1:322  0:000  - [08]: 'Recovery'
1:322  0:000      ApfsContainerUUID=9FF6D73C-6237-4BBD-82DF-C6E6FA43014E
1:322  0:000      ApfsFileSystemUUID=9826F053-9759-4DB9-8BE9-C022402E2CFB
1:322  0:000      APFSTargetUUID=EECBEC12-7A1D-4171-AB44-2B3EEDF3DA14
1:322  0:000  - [09]: 'VM'
1:322  0:000      ApfsContainerUUID=9FF6D73C-6237-4BBD-82DF-C6E6FA43014E
1:322  0:000      ApfsFileSystemUUID=A285FA7F-8CFD-4212-AA1F-21E16BE167C3
1:322  0:000  Entries list before ordering
1:322  0:000      Entry 0 : Boot UEFI external from EFI (hidden)
1:322  0:000      Entry 1 : Boot macOS Install from Install macOS Monterey
1:322  0:000      Entry 2 : Boot Mac OS Install for ssd via Preboot
1:322  0:000      Entry 3 : Boot macOS Install from ssd
1:322  0:000  Hiding entry 2 because of entry 3
1:322  0:000  Entries after before ordering
1:322  0:000    Entry 0 : Boot UEFI external from EFI (hidden)
1:322  0:000    Entry 1 : Boot macOS Install from Install macOS Monterey
1:322  0:000    Entry 2 : Boot Mac OS Install for ssd via Preboot (hidden)
1:322  0:000    Entry 3 : Boot macOS Install from ssd
1:322  0:000  Scanning legacy ...
1:322  0:000  === [ AddCustomTool ] ===========================
1:323  0:000  === [ GetEfiBootDeviceFromNvram ] ===============
1:324  0:001  Got efi-boot-device-data size=220
1:324  0:000   - efi-boot-device-data: PciRoot(0x0)\Pci(0x17,0x0)\Sata(0x0,0xFFFF,0x0)\HD(2,GPT,F05D1450-4F84-49A5-B5A4-B829627C9589,0x64028,0xDF30B60)\VenMedia(BE74FCF7-0B7C-49F3-9147-01F4042E6842,12ECCBEE1D7A7141AB442B3EEDF3DA14)\macOS Install Data\Locked Files\Boot Files\boot.efi
1:324  0:000    - Volume: 'PciRoot(0x0)\Pci(0x17,0x0)\Sata(0x0,0xFFFF,0x0)\HD(2,GPT,F05D1450-4F84-49A5-B5A4-B829627C9589,0x64028,0xDF30B60)\VenMedia(BE74FCF7-0B7C-49F3-9147-01F4042E6842,12ECCBEE1D7A7141AB442B3EEDF3DA14)'
1:324  0:000    - LoaderPath: '\macOS Install Data\Locked Files\Boot Files\boot.efi'
1:324  0:000    - Guid = F05D1450-4F84-49A5-B5A4-B829627C9589
1:324  0:000  === [ FindStartupDiskVolume ] ===================
1:324  0:000    - Volume: partition = PciRoot(0x0)\Pci(0x17,0x0)\Sata(0x0,0xFFFF,0x0)\HD(2,GPT,F05D1450-4F84-49A5-B5A4-B829627C9589,0x64028,0xDF30B60)\VenMedia(BE74FCF7-0B7C-49F3-9147-01F4042E6842,12ECCBEE1D7A7141AB442B3EEDF3DA14)
1:324  0:000     - searching for that partition and loader '\macOS Install Data\Locked Files\Boot Files\boot.efi'
1:324  0:000    checking 'PciRoot(0x0)/Pci(0x17,0x0)/Sata(0x0,0xFFFF,0x0)/HD(2,GPT,F05D1450-4F84-49A5-B5A4-B829627C9589,0x64028,0xDF30B60)/VenMedia(BE74FCF7-0B7C-49F3-9147-01F4042E6842,12ECCBEE1D7A7141AB442B3EEDF3DA14)'
1:324  0:000     '\macOS Install Data\Locked Files\Boot Files\boot.efi'
1:324  0:000      - found entry 1. 'Boot macOS Install from ssd', Volume 'ssd', '\macOS Install Data\Locked Files\Boot Files\boot.efi'
1:324  0:000  Boot redirected to Entry 1. 'Boot macOS Install from ssd'
1:324  0:000  BannerPlace at Clear Screen [770,172]
1:483  0:159  AnimeRun=0
1:567  0:083  GUI ready
5:950  4:383  === [ GetUserSettings ] =========================
5:950  0:000  GetDefaultModel()=iMac18,3
5:952  0:002  Using config775.plist at path: \EFI\CLOVER
5:953  0:000  There is a problem in plist '\EFI\CLOVER\config775.plist'
5:954  0:000  Warning: Tag ':4' is already defined. Previous value ignored.
5:954  0:000  Use CloverConfigPlistValidator or look in the log
8:955  3:000  Cannot find smbios.plist at path '\EFI\CLOVER' : Not Found
8:955  0:000  '\EFI\CLOVER\smbios.plist' not loaded. Efi error Not Found
8:955  0:000  BiosVersion: IM101.88Z.F000.B00.1906141458
8:955  0:000  BiosReleaseDate: 06/14/19
8:955  0:000  EfiVersion: 215.0.0.0.0
8:955  0:000  Calibrated TSC Frequency = 3600498180 = 3600MHz
10:848  1:892  === [ GetUserSettings ] =========================
10:848  0:000  GetDefaultModel()=iMac18,3
10:850  0:002  Using config_i3630-0x5912.plist at path: \EFI\CLOVER
10:851  0:000  There are problems in plist '\EFI\CLOVER\config_i3630-0x5912.plist'
10:852  0:000  Warning: Tag ':4' is already defined. Previous value ignored.
10:853  0:000  Warning: BiosVersion 'MBP151.88Z.F000.B00.2007121441' is before than default ('MBP151.88Z.F000.B00.2107050205') -> ignored. Dict '/SMBIOS:973'.
10:854  0:001  Warning: BiosReleaseDate '07/12/2020' is older than default ('07/05/2021') -> ignored. Dict '/SMBIOS:973'.
10:855  0:001  Warning: Unknown key '/Quirks/DisableRtcChecksum:1171'. Skipped.
10:856  0:000  Warning: Unknown key '/Quirks/ProvideConsoleGopEnable:1214'. Skipped.
10:857  0:000  Use CloverConfigPlistValidator or look in the log
13:857  3:000  Cannot find smbios.plist at path '\EFI\CLOVER' : Not Found
13:857  0:000  '\EFI\CLOVER\smbios.plist' not loaded. Efi error Not Found
13:857  0:000  Using latest EfiVersion from config instead of default '715.0.57.0.0'
13:857  0:000  BiosVersion: MBP151.88Z.F000.B00.2107050205
13:857  0:000  BiosReleaseDate: 07/05/2021
13:857  0:000  EfiVersion: 1539.0.0.0.1
13:858  0:000  Calibrated TSC Frequency = 3600498180 = 3600MHz
14:547  0:689  === [ GetUserSettings ] =========================
14:547  0:000  GetDefaultModel()=iMac18,3
14:550  0:002  Using configiMac19.2-f0x8.plist at path: \EFI\CLOVER
14:550  0:000  There are problems in plist '\EFI\CLOVER\configiMac19.2-f0x8.plist'
14:551  0:000  Warning: Tag ':4' is already defined. Previous value ignored.
14:552  0:000  Warning: Expect a boolean, an int8 or a string starting with 'n' or '-' for '/Boot/XMPDetection:132'.
14:553  0:001  Warning: Unknown key '/KernelAndKextPatches/KernelCpu:331'. Skipped.
14:554  0:000  Warning: EfiVersion '220.260.170.0.0' is older than default ('1554.140.20.0.0') -> ignored. Dict '/SMBIOS:340'.
14:555  0:001  Warning: Boolean value contained in a string. Please use <true/> instead of <string>yes</string> for tag '/SystemParameters/InjectKexts:392'
14:567  0:012  Warning: Unknown key '/Quirks/PanicNoKextDump:401'. Skipped.
14:579  0:011  Warning: Unknown key '/Quirks/LapicKernelPanic:403'. Skipped.
14:590  0:011  Warning: Unknown key '/Quirks/DisableRtcChecksum:429'. Skipped.
14:602  0:011  Warning: Unknown key '/Quirks/ProvideConsoleGopEnable:441'. Skipped.
14:625  0:022  Warning: Unknown key '/Quirks/AppleXcpmCfgLock:443'. Skipped.
14:636  0:011  Warning: Unknown key '/Quirks/CustomSMBIOSGuid:451'. Skipped.
14:648  0:011  Warning: Unknown key '/Quirks/AppleCpuPmCfgLock:465'. Skipped.
14:660  0:011  Use CloverConfigPlistValidator or look in the log
17:671  3:011  Cannot find smbios.plist at path '\EFI\CLOVER' : Not Found
17:671  0:000  '\EFI\CLOVER\smbios.plist' not loaded. Efi error Not Found
17:671  0:000  Using latest BiosVersion from config instead of default 'IM191.88Z.F000.B00.2106222356'
18:217  0:545  Using latest BiosReleaseDate from config instead of default '06/22/2021'
18:254  0:037  BiosVersion: IM191.88Z.F000.B00.1904222222
18:292  0:037  BiosReleaseDate: 04/22/2019
18:324  0:032  EfiVersion: 1554.140.20.0.0
18:358  0:034  Calibrated TSC Frequency = 3600498180 = 3600MHz
19:994  1:635  === [ GetUserSettings ] =========================
20:728  0:734  GetDefaultModel()=iMac18,3
20:804  0:075  Using config.plist at path: \EFI\CLOVER
20:840  0:036  There is a problem in plist '\EFI\CLOVER\config.plist'
20:886  0:045  Warning: Tag ':4' is already defined. Previous value ignored.
20:930  0:043  Use CloverConfigPlistValidator or look in the log
24:013  3:082  Cannot find smbios.plist at path '\EFI\CLOVER' : Not Found
24:497  0:484  '\EFI\CLOVER\smbios.plist' not loaded. Efi error Not Found
24:545  0:048  Using latest BiosVersion from config instead of default 'IMP11.88Z.F000.B00.2107050205'
24:545  0:000  Using latest BiosReleaseDate from config instead of default '07/05/2021'
24:545  0:000  Using latest EfiVersion from config instead of default '1715.0.57.0.0'
24:545  0:000  BiosVersion: IMP11.88Z.F000.B00.2109052150
24:545  0:000  BiosReleaseDate: 09/05/2021
24:545  0:000  EfiVersion: 1715.40.12.0.0
24:546  0:000  Calibrated TSC Frequency = 3600498180 = 3600MHz
28:877  4:331  ReinitRefitLib after theme change
28:878  0:000  === [ Found DSDT tables ] =======================
28:878  0:000  === [ ScanVolumes ] =============================
28:878  0:000  Found 10 volumes with blockIO
28:878  0:000  - [00]: Volume: PciRoot(0x0)\Pci(0x14,0x0)\USB(0x2,0x0)
28:878  0:000  - [01]: Volume: PciRoot(0x0)\Pci(0x14,0x0)\USB(0x2,0x0)\HD(1,GPT,E8ED2D34-8F89-42E4-A498-AB0ED3A060DA,0x28,0x64000)
28:879  0:000          Result of bootcode detection: bootable unknown (legacy)
28:879  0:000            label : EFI
28:879  0:000          This is SelfVolume !!
28:879  0:000  - [02]: Volume: PciRoot(0x0)\Pci(0x14,0x0)\USB(0x2,0x0)\HD(2,GPT,FBB6D356-FDF6-4847-AE0A-5F6009E33441,0x64028,0x1C37FB0)
28:879  0:000            label : Install macOS Monterey
28:879  0:000  - [03]: Volume: PciRoot(0x0)\Pci(0x17,0x0)\Sata(0x0,0xFFFF,0x0)
28:880  0:000  - [04]: Volume: PciRoot(0x0)\Pci(0x17,0x0)\Sata(0x0,0xFFFF,0x0)\HD(1,GPT,29219658-AA33-428F-9868-3DD37BFF4446,0x28,0x64000)
28:881  0:000          Result of bootcode detection: bootable unknown (legacy)
28:883  0:002            label : EFI
28:883  0:000  - [05]: Volume: PciRoot(0x0)\Pci(0x17,0x0)\Sata(0x0,0xFFFF,0x0)\HD(2,GPT,F05D1450-4F84-49A5-B5A4-B829627C9589,0x64028,0xDF30B60)
28:884  0:000          Result of bootcode detection: bootable unknown (legacy)
28:884  0:000  - [06]: Volume: PciRoot(0x0)\Pci(0x17,0x0)\Sata(0x0,0xFFFF,0x0)\HD(2,GPT,F05D1450-4F84-49A5-B5A4-B829627C9589,0x64028,0xDF30B60)\VenMedia(BE74FCF7-0B7C-49F3-9147-01F4042E6842,0778B504AAFBEE4CB633A4C4EED90B9E)
28:884  0:000            apfsFileSystemUUID=04B57807-FBAA-4CEE-B633-A4C4EED90B9E, ApfsContainerUUID=9FF6D73C-6237-4BBD-82DF-C6E6FA43014E, ApfsRole=0x10
28:884  0:000            label : Preboot
28:884  0:000  - [07]: Volume: PciRoot(0x0)\Pci(0x17,0x0)\Sata(0x0,0xFFFF,0x0)\HD(2,GPT,F05D1450-4F84-49A5-B5A4-B829627C9589,0x64028,0xDF30B60)\VenMedia(BE74FCF7-0B7C-49F3-9147-01F4042E6842,12ECCBEE1D7A7141AB442B3EEDF3DA14)
28:884  0:000            apfsFileSystemUUID=EECBEC12-7A1D-4171-AB44-2B3EEDF3DA14, ApfsContainerUUID=9FF6D73C-6237-4BBD-82DF-C6E6FA43014E, ApfsRole=0x0
28:884  0:000            label : ssd
28:884  0:000  - [08]: Volume: PciRoot(0x0)\Pci(0x17,0x0)\Sata(0x0,0xFFFF,0x0)\HD(2,GPT,F05D1450-4F84-49A5-B5A4-B829627C9589,0x64028,0xDF30B60)\VenMedia(BE74FCF7-0B7C-49F3-9147-01F4042E6842,53F026985997B94D8BE9C022402E2CFB)
28:884  0:000            apfsFileSystemUUID=9826F053-9759-4DB9-8BE9-C022402E2CFB, ApfsContainerUUID=9FF6D73C-6237-4BBD-82DF-C6E6FA43014E, ApfsRole=0x4
28:884  0:000            label : Recovery
28:884  0:000  - [09]: Volume: PciRoot(0x0)\Pci(0x17,0x0)\Sata(0x0,0xFFFF,0x0)\HD(2,GPT,F05D1450-4F84-49A5-B5A4-B829627C9589,0x64028,0xDF30B60)\VenMedia(BE74FCF7-0B7C-49F3-9147-01F4042E6842,7FFA85A2FD8C1242AA1F21E16BE167C3)
28:884  0:000            apfsFileSystemUUID=A285FA7F-8CFD-4212-AA1F-21E16BE167C3, ApfsContainerUUID=9FF6D73C-6237-4BBD-82DF-C6E6FA43014E, ApfsRole=0x8
28:884  0:000            label : VM
28:884  0:000  No AudioIoProtocols, status=Not Found
28:884  0:000  change theme
28:885  0:000  === [ InitXTheme ] ==============================
28:885  0:000  use Daylight theme
28:885  0:000  Using theme 'evilgen' (evilgen)
28:885  0:000  chosen theme evilgen
28:885  0:000  OS main and drive as badge
28:983  0:098  sound play end with status=Device Error
28:984  0:001  theme inited
28:984  0:000  Chosen theme evilgen
28:985  0:000  after NVRAM boot-args=dart=0 watchdog=0 alcid=1 -no_compat_check -revsbvmm -v
28:985  0:000  === [ ScanLoader ] ==============================
28:985  0:000  - [01]: 'EFI'
28:985  0:000        AddLoaderEntry for Volume Name=EFI, idx=0
28:985  0:000        OSVersion= 
28:985  0:000        IconName=unknown comma=-1 size=7
28:985  0:000        Full=unknown
28:985  0:000        Show badge as Drive.
28:985  0:000        Loader entry created for 'PciRoot(0x0)\Pci(0x14,0x0)\USB(0x2,0x0)\HD(1,GPT,E8ED2D34-8F89-42E4-A498-AB0ED3A060DA,0x28,0x64000)\EFI\BOOT\BOOTX64.efi'
28:986  0:000        Menu entry added at index 0
28:986  0:000       hiding entry because DiskKind is DISK_KIND_EXTERNAL: \EFI\BOOT\BOOTX64.efi
28:986  0:000  - [02]: 'Install macOS Monterey'
28:986  0:000        AddLoaderEntry for Volume Name=Install macOS Monterey, idx=1
28:986  0:000        OSVersion=12.2 
28:986  0:000        IconName=monterey,mac comma=8 size=12
28:986  0:000        first=os_monterey
28:986  0:000        Show badge as Drive.
28:986  0:000        Loader entry created for 'PciRoot(0x0)\Pci(0x14,0x0)\USB(0x2,0x0)\HD(2,GPT,FBB6D356-FDF6-4847-AE0A-5F6009E33441,0x64028,0x1C37FB0)\System\Library\CoreServices\boot.efi'
28:987  0:001        Menu entry added at index 1
28:988  0:000  - [04]: 'EFI'
29:003  0:015  - [06]: 'Preboot'
29:003  0:000      ApfsContainerUUID=9FF6D73C-6237-4BBD-82DF-C6E6FA43014E
29:003  0:000      ApfsFileSystemUUID=04B57807-FBAA-4CEE-B633-A4C4EED90B9E
29:003  0:000      APFSTargetUUID=EECBEC12-7A1D-4171-AB44-2B3EEDF3DA14
29:004  0:000        AddLoaderEntry for Volume Name=Preboot, idx=2
29:005  0:000        OSVersion=12.2 
29:005  0:000        IconName=monterey,mac comma=8 size=12
29:005  0:000        first=os_monterey
29:005  0:000        Show badge as Drive.
29:005  0:000        Loader entry created for 'PciRoot(0x0)\Pci(0x17,0x0)\Sata(0x0,0xFFFF,0x0)\HD(2,GPT,F05D1450-4F84-49A5-B5A4-B829627C9589,0x64028,0xDF30B60)\VenMedia(BE74FCF7-0B7C-49F3-9147-01F4042E6842,0778B504AAFBEE4CB633A4C4EED90B9E)\EECBEC12-7A1D-4171-AB44-2B3EEDF3DA14\com.apple.installer\boot.efi'
29:007  0:001        Menu entry added at index 2
29:007  0:000  - [07]: 'ssd'
29:007  0:000      ApfsContainerUUID=9FF6D73C-6237-4BBD-82DF-C6E6FA43014E
29:007  0:000      ApfsFileSystemUUID=EECBEC12-7A1D-4171-AB44-2B3EEDF3DA14
29:007  0:000        AddLoaderEntry for Volume Name=ssd, idx=3
29:007  0:000        OSVersion=12.2 
29:007  0:000        IconName=monterey,mac comma=8 size=12
29:007  0:000        first=os_monterey
29:007  0:000        Show badge as Drive.
29:007  0:000        Loader entry created for 'PciRoot(0x0)\Pci(0x17,0x0)\Sata(0x0,0xFFFF,0x0)\HD(2,GPT,F05D1450-4F84-49A5-B5A4-B829627C9589,0x64028,0xDF30B60)\VenMedia(BE74FCF7-0B7C-49F3-9147-01F4042E6842,12ECCBEE1D7A7141AB442B3EEDF3DA14)\macOS Install Data\Locked Files\Boot Files\boot.efi'
29:009  0:001        Menu entry added at index 3
29:009  0:000  - [08]: 'Recovery'
29:009  0:000      ApfsContainerUUID=9FF6D73C-6237-4BBD-82DF-C6E6FA43014E
29:009  0:000      ApfsFileSystemUUID=9826F053-9759-4DB9-8BE9-C022402E2CFB
29:009  0:000      APFSTargetUUID=EECBEC12-7A1D-4171-AB44-2B3EEDF3DA14
29:009  0:000  - [09]: 'VM'
29:009  0:000      ApfsContainerUUID=9FF6D73C-6237-4BBD-82DF-C6E6FA43014E
29:009  0:000      ApfsFileSystemUUID=A285FA7F-8CFD-4212-AA1F-21E16BE167C3
29:009  0:000  Entries list before ordering
29:009  0:000      Entry 0 : Boot UEFI external from EFI (hidden)
29:009  0:000      Entry 1 : Boot macOS Install from Install macOS Monterey
29:009  0:000      Entry 2 : Boot Mac OS Install for ssd via Preboot
29:009  0:000      Entry 3 : Boot macOS Install from ssd
29:009  0:000  Hiding entry 2 because of entry 3
29:009  0:000  Entries after before ordering
29:009  0:000    Entry 0 : Boot UEFI external from EFI (hidden)
29:009  0:000    Entry 1 : Boot macOS Install from Install macOS Monterey
29:009  0:000    Entry 2 : Boot Mac OS Install for ssd via Preboot (hidden)
29:009  0:000    Entry 3 : Boot macOS Install from ssd
29:009  0:000  Scanning legacy ...
29:009  0:000  === [ AddCustomTool ] ===========================
29:009  0:000  === [ GetEfiBootDeviceFromNvram ] ===============
29:009  0:000  === [ FindStartupDiskVolume ] ===================
29:009  0:000    - Volume: partition = PciRoot(0x0)\Pci(0x17,0x0)\Sata(0x0,0xFFFF,0x0)\HD(2,GPT,F05D1450-4F84-49A5-B5A4-B829627C9589,0x64028,0xDF30B60)\VenMedia(BE74FCF7-0B7C-49F3-9147-01F4042E6842,12ECCBEE1D7A7141AB442B3EEDF3DA14)
29:009  0:000     - searching for that partition and loader '\macOS Install Data\Locked Files\Boot Files\boot.efi'
29:010  0:000    checking 'PciRoot(0x0)/Pci(0x17,0x0)/Sata(0x0,0xFFFF,0x0)/HD(2,GPT,F05D1450-4F84-49A5-B5A4-B829627C9589,0x64028,0xDF30B60)/VenMedia(BE74FCF7-0B7C-49F3-9147-01F4042E6842,12ECCBEE1D7A7141AB442B3EEDF3DA14)'
29:010  0:000     '\macOS Install Data\Locked Files\Boot Files\boot.efi'
29:010  0:000      - found entry 1. 'Boot macOS Install from ssd', Volume 'ssd', '\macOS Install Data\Locked Files\Boot Files\boot.efi'
29:010  0:000  Boot redirected to Entry 1. 'Boot macOS Install from ssd'
29:010  0:000  BannerPlace at Clear Screen [770,172]
29:165  0:155  AnimeRun=0
31:045  1:880  BootVariable of the entry is empty
31:045  0:000  === [ StartLoader ] =============================
31:045  0:000  Starting PciRoot(0x0)\Pci(0x17,0x0)\Sata(0x0,0xFFFF,0x0)\HD(2,GPT,F05D1450-4F84-49A5-B5A4-B829627C9589,0x64028,0xDF30B60)\VenMedia(BE74FCF7-0B7C-49F3-9147-01F4042E6842,12ECCBEE1D7A7141AB442B3EEDF3DA14)\macOS Install Data\Locked Files\Boot Files\boot.efi
31:045  0:000  Finally: ExternalClock=26MHz BusSpeed=100014kHz CPUFreq=3600MHz PIS: hw.busfrequency=104000000Hz
31:045  0:000  Beginning OC
31:045  0:000  OCST: Missing vault data, ignoring...
31:045  0:000  config-oc.plist isn't used at all
31:045  0:000  AddKextsInArray from Other
31:045  0:000  ->Extra kext: Other\Lilu.kext (v.1.5.9)
31:045  0:000  ->Extra kext: Other\NoTouchID.kext (v.1.0.4)
31:045  0:000  ->Extra kext: Other\VoodooI2CSynaptics.kext (v.1)
31:045  0:000  ->Extra kext: Other\RestrictEvents.kext (v.1.0.6)
31:045  0:000  ->Extra kext: Other\NVMeFix.kext (v.1.0.9)
31:045  0:000  ->Extra kext: Other\WhateverGreen.kext (v.1.5.6)
31:045  0:000  ->Extra kext: Other\USBInjectAll.kext (v.0.7.7)
31:045  0:000  ->Extra kext: Other\VoodooI2CELAN.kext (v.1)
31:045  0:000  ->Extra kext: Other\VirtualSMC.kext (v.1.2.8)
31:045  0:000  ->Extra kext: Other\VoodooPS2Controller.kext (v.2.2.7)
31:045  0:000      |-- PlugIn kext: Other\VoodooPS2Controller.kext\Contents\PlugIns\VoodooPS2Trackpad.kext (v.2.2.7)
31:045  0:000      |-- PlugIn kext: Other\VoodooPS2Controller.kext\Contents\PlugIns\VoodooPS2Keyboard.kext (v.2.2.7)
31:045  0:000      |-- PlugIn kext: Other\VoodooPS2Controller.kext\Contents\PlugIns\VoodooPS2Mouse.kext (v.2.2.7)
31:045  0:000      |-- PlugIn kext: Other\VoodooPS2Controller.kext\Contents\PlugIns\VoodooInput.kext (v.1.1.3)
31:045  0:000  ->Extra kext: Other\XHCI-unsupported.kext (v.0.9.2)
31:045  0:000  GetOtherKextsDir(false) return NULL
31:045  0:000  AddKextsInArray from 12
31:045  0:000  AddKextsInArray from 12_install
31:045  0:000  AddKextsInArray from 12.2
31:045  0:000  AddKextsInArray from 12.2_install
31:045  0:000  AddKextsInArray from 12.2.0
31:045  0:000  AddKextsInArray from 12.2.0_install
31:045  0:000  Bridge kext to OC : Path=Lilu.kext
31:045  0:000  info plist path: Kexts\Other\Lilu.kext\Contents\Info.plist
31:045  0:000  assign executable as 'Contents\MacOS\Lilu'
31:045  0:000  Bridge kext to OC : Path=VirtualSMC.kext
31:045  0:000  info plist path: Kexts\Other\VirtualSMC.kext\Contents\Info.plist
31:046  0:000  assign executable as 'Contents\MacOS\VirtualSMC'
31:046  0:000  Bridge kext to OC : Path=WhateverGreen.kext
31:046  0:000  info plist path: Kexts\Other\WhateverGreen.kext\Contents\Info.plist
31:047  0:000  assign executable as 'Contents\MacOS\WhateverGreen'
31:047  0:000  Bridge kext to OC : Path=NoTouchID.kext
31:047  0:000  info plist path: Kexts\Other\NoTouchID.kext\Contents\Info.plist
31:049  0:002  assign executable as 'Contents\MacOS\NoTouchID'
31:049  0:000  Bridge kext to OC : Path=VoodooI2CSynaptics.kext
31:049  0:000  info plist path: Kexts\Other\VoodooI2CSynaptics.kext\Contents\Info.plist
31:055  0:005  assign executable as 'Contents\MacOS\VoodooI2CSynaptics'
31:055  0:000  Bridge kext to OC : Path=RestrictEvents.kext
31:055  0:000  info plist path: Kexts\Other\RestrictEvents.kext\Contents\Info.plist
31:055  0:000  assign executable as 'Contents\MacOS\RestrictEvents'
31:055  0:000  Bridge kext to OC : Path=NVMeFix.kext
31:055  0:000  info plist path: Kexts\Other\NVMeFix.kext\Contents\Info.plist
31:058  0:002  assign executable as 'Contents\MacOS\NVMeFix'
31:058  0:000  Bridge kext to OC : Path=USBInjectAll.kext
31:058  0:000  info plist path: Kexts\Other\USBInjectAll.kext\Contents\Info.plist
31:079  0:021  assign executable as 'Contents\MacOS\USBInjectAll'
31:079  0:000  Bridge kext to OC : Path=VoodooI2CELAN.kext
31:079  0:000  info plist path: Kexts\Other\VoodooI2CELAN.kext\Contents\Info.plist
31:079  0:000  assign executable as 'Contents\MacOS\VoodooI2CELAN'
31:079  0:000  Bridge kext to OC : Path=VoodooPS2Controller.kext
31:079  0:000  info plist path: Kexts\Other\VoodooPS2Controller.kext\Contents\Info.plist
31:082  0:002  assign executable as 'Contents\MacOS\VoodooPS2Controller'
31:082  0:000  Bridge kext to OC : Path=VoodooPS2Trackpad.kext
31:082  0:000  info plist path: Kexts\Other\VoodooPS2Controller.kext\Contents\PlugIns\VoodooPS2Trackpad.kext\Contents\Info.plist
31:082  0:000  assign executable as 'Contents\MacOS\VoodooPS2Trackpad'
31:082  0:000  Bridge kext to OC : Path=VoodooPS2Keyboard.kext
31:082  0:000  info plist path: Kexts\Other\VoodooPS2Controller.kext\Contents\PlugIns\VoodooPS2Keyboard.kext\Contents\Info.plist
31:083  0:000  assign executable as 'Contents\MacOS\VoodooPS2Keyboard'
31:083  0:000  Bridge kext to OC : Path=VoodooPS2Mouse.kext
31:083  0:000  info plist path: Kexts\Other\VoodooPS2Controller.kext\Contents\PlugIns\VoodooPS2Mouse.kext\Contents\Info.plist
31:083  0:000  assign executable as 'Contents\MacOS\VoodooPS2Mouse'
31:083  0:000  Bridge kext to OC : Path=VoodooInput.kext
31:083  0:000  info plist path: Kexts\Other\VoodooPS2Controller.kext\Contents\PlugIns\VoodooInput.kext\Contents\Info.plist
31:085  0:002  assign executable as 'Contents\MacOS\VoodooInput'
31:085  0:000  Bridge kext to OC : Path=XHCI-unsupported.kext
31:085  0:000  info plist path: Kexts\Other\XHCI-unsupported.kext\Contents\Info.plist
31:089  0:003  Start 'OpenRuntime.efi' : Status Success
31:089  0:000  OC: OcMiscEarlyInit...
31:089  0:000  OC: OpenCore DBG-075-2021-11-02 is loading in Optional mode (0/0)...
31:089  0:000  OC: OcLoadNvramSupport...
31:089  0:000  OC: Current version is DBG-075-2021-11-02
31:089  0:000  OC: OcMiscMiddleInit...
31:089  0:000  OC: StorageHandle 0 with  LauncherOption pointing to 
31:090  0:000  OC: OcLoadUefiSupport...
31:090  0:000  OC: Invalid AppleInput AppleEvent setting , using Auto
31:090  0:000  OcAppleEventInstallProtocol
31:090  0:000  OCAE: Illegal PointerSpeedDiv value 0, using 1
31:090  0:000  InternalCreateQueueEvent
31:090  0:000  EventCreateSimplePointerInstallNotifyEvent
31:090  0:000  InternalSimplePointerInstallNotifyFunction
31:090  0:000  InternalRegisterSimplePointerInterface
31:090  0:000  InternalRegisterSimplePointerInterface
31:090  0:000  OCAE: Builtin installed
31:091  0:000  OcOSInfoInstallProtocol
31:091  0:000  OCRTC: OcAppleRtcRamInstallProtocol
31:091  0:000  OCRTC: Wake log is 0x16 0x0B  112 0xB8
31:091  0:000  OcAppleFbInfoInstallProtocol
31:091  0:000  OcAppleEg2InfoInstallProtocol
31:091  0:000  OC: Loading Apple Secure Boot with Disabled (level 0)
31:091  0:000  OCABC: ALRBL 0 RTDFRG 1 DEVMMIO 0 NOSU 0 NOVRWR 0 NOSB 0 FBSIG 0 NOHBMAP 0 SMSLIDE 1 WRUNPROT 1
31:091  0:000  OCABC: FEXITBS 0 PRMRG 0 CSLIDE 1 MSLIDE 0 PRSRV 0 RBMAP 0 VMAP 1 APPLOS 0 RTPERMS 0 ARBAR -1
31:091  0:000  OCABC: Got rendezvous with OpenRuntime r12
31:091  0:000  OCABC: MAT support is 1
31:091  0:000  OC: RequestBootVarRouting 0
31:092  0:000  OC: Increasing GPU BARs to 0
31:092  0:000  OCDM: PCI device 1/14 has class 6000008
31:092  0:000  OCDM: PCI device 2/14 has class 3000000
31:092  0:000  OCDM: Setting RBAR to 0 inc 1 on 2/14
31:092  0:000  OCDM: Capability I/O error - Unsupported
31:092  0:000  OCDM: RBAR is unsupported by device - Device Error
31:092  0:000  OCDM: PCI device 3/14 has class 8800000
31:092  0:000  OCDM: PCI device 4/14 has class C033000
31:092  0:000  OCDM: PCI device 5/14 has class 7800000
31:092  0:000  OCDM: PCI device 6/14 has class 1060100
31:092  0:000  OCDM: PCI device 7/14 has class 60400F0
31:092  0:000  OCDM: PCI device 8/14 has class 60400F0
31:092  0:000  OCDM: PCI device 9/14 has class 2000016
31:092  0:000  OCDM: PCI device 10/14 has class 60400F0
31:092  0:000  OCDM: PCI device 11/14 has class 6010000
31:092  0:000  OCDM: PCI device 12/14 has class 5800000
31:092  0:000  OCDM: PCI device 13/14 has class 4030000
31:092  0:000  OCDM: PCI device 14/14 has class C050000
31:092  0:000  OC: Got 0 drivers
31:092  0:000  OCC: Installing GOP (Unsupported) on ConsoleOutHandle...
31:092  0:000  OC: Requested resolution is 0x0@0 (max: 0, force: 0) from 
31:092  0:000  OCC: Using builtin text renderer with 1 scale
31:166  0:073  OCC: Install console control (BD628B40/0/0), current - Success
31:166  0:000  OCC: Setup ASCII Output - Success
31:166  0:000  OC: Requested console mode is 0x0 (max: 0) from 
31:166  0:000  OC: Requested not to use audio
31:166  0:000  OC: OcLoadAcpiSupport...
31:166  0:000  OC: OcLoadAcpiSupport : nothing to do
31:166  0:000  OC: OcMiscLateInit...
31:166  0:000  OC: Invalid HibernateMode: 
31:166  0:000  OC: Translated HibernateMode  to 0
31:166  0:000  OC: Hibernation activation - Invalid Parameter, hibernation wake - no
31:166  0:000  OC: OcLoadKernelSupport...
31:166  0:000  OC: All green, starting boot management...
31:170  0:003  OCB: Arch filtering C2F36018(727608)->C2F36018(727608) caps 4 - Success
31:170  0:000  ImageHandle = c2ff2f18
31:244  0:073  GetOSVersion: 12.2 (21D49)
31:244  0:000  Will not patch boot.efi
31:244  0:000  === [ PatchSmbios ] =============================
31:244  0:000  UpdateSmbiosString : BiosVersion=EfiVersion=1715.40.12.0.0
31:244  0:000  UpdateSmbiosString : ReleaseDate=09/05/2021
31:244  0:000  void PatchTableType1(const SmbiosInjectedSettings&) : UpdateSmbiosString ProductName=iMacPro1,1
31:244  0:000  void PatchTableType2(const SmbiosInjectedSettings&) : UpdateSmbiosString ProductName=BoardNumber=Mac-7BA5B2D9E42DDD94
31:244  0:000  void PatchTableType2(const SmbiosInjectedSettings&) : UpdateSmbiosString Version=BoardVersion=iMacPro1,1
31:244  0:000  insert table 9 for dev 0:0
31:245  0:000  Do not inject memory table
31:245  0:000  Trusting SMBIOS...
31:245  0:000  Channels: 1
31:245  0:000  Interleave: 0 1 2 3
31:245  0:000  trusted SMBIOS data, table index 0:
31:245  0:000    gRAM.SMBIOS[0]->ModuleSize = 4096
31:245  0:000    gRAM.SMBIOS[0]->Type = 0
31:245  0:000    gRAM.SMBIOS[0]->Frequency = 2400
31:245  0:000    gRAM.SMBIOS[0]->Vendor = Samsung
31:245  0:000    gRAM.SMBIOS[0]->PartNo = M378A5244CB0-CTD
31:245  0:000    gRAM.SMBIOS[0]->SerialNo = 42807981
31:245  0:000  SPD data in use:
31:245  0:000    gRAM.SPD[0]->ModuleSize = 4096
31:245  0:000    gRAM.SPD[0]->Type = 26
31:245  0:000    gRAM.SPD[0]->Frequency = 2666
31:245  0:000    gRAM.SPD[0]->Vendor = Samsung
31:245  0:000    gRAM.SPD[0]->SerialNo = 42807981
31:245  0:000    gRAM.SPD[0]->PartNo = M378A5244CB0-CTD
31:245  0:000    SMBIOS Type 17 Index = 0 => SMBIOSIndex=0 SPDIndex=0:
31:245  0:000  BANK 0 DIMM0 2666MHz 4096MB(Ext:0MB)
31:245  0:000  !trusted SMBIOS data, Table index 1:!gRAM.SMBIOS.doesSlotForIndexExist(SMBIOSIndex) 
31:245  0:000    SMBIOS Type 17 Index = 1 => SMBIOSIndex=1 SPDIndex=1:
31:245  0:000  BANK 0 DIMM1 EMPTY
31:245  0:000  !trusted SMBIOS data, Table index 2:!gRAM.SMBIOS.doesSlotForIndexExist(SMBIOSIndex) 
31:245  0:000    SMBIOS Type 17 Index = 2 => SMBIOSIndex=2 SPDIndex=2:
31:245  0:000  BANK 0 DIMM2 EMPTY
31:245  0:000  !trusted SMBIOS data, Table index 3:!gRAM.SMBIOS.doesSlotForIndexExist(SMBIOSIndex) 
31:245  0:000    SMBIOS Type 17 Index = 3 => SMBIOSIndex=3 SPDIndex=3:
31:245  0:000  BANK 0 DIMM3 EMPTY
31:245  0:000  mTotalSystemMemory = 4096
31:245  0:000  NumberOfMemoryDevices = 4
31:245  0:000  Type20[0]->End = 0x3FFFFF, Type17[0] = 1000
31:245  0:000  Table 131 is present, CPUType=31
31:245  0:000  Change to: 905
31:245  0:000  === [ PatchACPI ] ===============================
31:245  0:000  OCABC: AllocPages 1 0xC90BE000 (1) - Success
31:245  0:000  Xsdt reallocation done
31:245  0:000  OCABC: AllocPages 1 0xC90BD000 (1) - Success
31:245  0:000  old FADT length=114
31:245  0:000   SignatureFixup: 0xFCDB1ADB -> 0x0
31:245  0:000  Found OperationRegion(GNVS, SystemMemory, C94F0000, ...)
31:245  0:000  Found OperationRegion(PNVA, SystemMemory, C94F4018, ...)
31:245  0:000  Found OperationRegion(THBA, SystemMemory, FE200000, ...)
31:246  0:001  Found OperationRegion(ITSS, SystemMemory, FDC43100, ...)
31:246  0:000  Found OperationRegion(ABNV, SystemMemory, FFFF0000, ...)
31:246  0:000  Found OperationRegion(TMMB, SystemMemory, FED40000, ...)
31:246  0:000  Found OperationRegion(CRBD, SystemMemory, FED40000, ...)
31:246  0:000  Found OperationRegion(TPMR, SystemMemory, FFFFFFFF, ...)
31:246  0:000  Found OperationRegion(ATNV, SystemMemory, FFFF0000, ...)
31:246  0:000  OCABC: AllocPages 1 0xC908C000 (49) - Success
31:246  0:000  Apply DsdtFixMask=0x50000000
31:246  0:000  === [ FixBiosDsdt ] =============================
31:246  0:000  Patching DSDT:
31:246  0:000   - [_STA RTC]: pattern A00A9353, patched at: [ (29CE8) ]
31:247  0:000    indirect name=PNVB
31:247  0:000  OperationRegion (THBA...) corrected from 0x0 to addr=0xFE200000
31:247  0:000    indirect name=TPMM
31:247  0:000    indirect name=FTPM
31:247  0:000    indirect name=PPIM
31:247  0:000  Start Mutex Fix
31:248  0:000  PreCleanup XSDT: count=23, length=220
31:248  0:000  PreCleanup XSDT, corrected XSDT: count=23, length=220
31:248  0:000  === [ ACPIPatchedAML ] ==========================
31:248  0:000  AutoMerge pass 1
31:248  0:000  Unsorted
31:248  0:000  Inserting SSDT-RTC0.aml from \EFI\CLOVER\ACPI\patched: ignore on pass 1
31:248  0:000  Inserting SSDT-AWAC.aml from \EFI\CLOVER\ACPI\patched: ignore on pass 1
31:248  0:000  Inserting SSDT-OLAEC.aml from \EFI\CLOVER\ACPI\patched: ignore on pass 1
31:248  0:000  === [ ACPIDropTables ] ==========================
31:248  0:000  OCABC: AllocPages 1 0xC908A000 (2) - Success
31:248  0:000  OCABC: AllocPages 1 0xC908A000 (2) - Success
31:248  0:000  OCABC: AllocPages 1 0xC908A000 (2) - Success
31:248  0:000  OCABC: AllocPages 1 0xC908A000 (2) - Success
31:248  0:000  OCABC: AllocPages 1 0xC9088000 (2) - Success
31:248  0:000  Patching SSDTs: 1 patches each
31:248  0:000   pattern A00A9353, bin not found / already patched!
31:248  0:000  OCABC: AllocPages 1 0xBF681000 (9) - Success
31:248  0:000  Patching SSDTs: 1 patches each
31:248  0:000   pattern A00A9353, bin not found / already patched!
31:248  0:000  Found OperationRegion(GGGT, SystemMemory, C94F1018, ...)
31:248  0:000  OCABC: AllocPages 1 0xBF67C000 (5) - Success
31:248  0:000  Patching SSDTs: 1 patches each
31:248  0:000   pattern A00A9353, bin not found / already patched!
31:248  0:000  Found OperationRegion(SANV, SystemMemory, C94F1C18, ...)
31:248  0:000  OCABC: AllocPages 1 0xBD40D000 (2) - Success
31:248  0:000  OCABC: AllocPages 1 0xBD40C000 (3) - Success
31:248  0:000  Patching SSDTs: 1 patches each
31:248  0:000   pattern A00A9353, bin not found / already patched!
31:248  0:000  OCABC: AllocPages 1 0xBD408000 (4) - Success
31:248  0:000  Patching SSDTs: 1 patches each
31:248  0:000   pattern A00A9353, bin not found / already patched!
31:248  0:000  OCABC: AllocPages 1 0xBD406000 (2) - Success
31:248  0:000  OCABC: AllocPages 1 0xBD405000 (3) - Success
31:248  0:000  Patching SSDTs: 1 patches each
31:248  0:000   pattern A00A9353, bin not found / already patched!
31:248  0:000  Found OperationRegion(PNVS, SystemMemory, BF56E000, ...)
31:248  0:000  OCABC: AllocPages 1 0xBD403000 (2) - Success
31:248  0:000  OCABC: AllocPages 1 0xBD403000 (2) - Success
31:248  0:000  Patching SSDTs: 1 patches each
31:248  0:000   pattern A00A9353, bin not found / already patched!
31:248  0:000  OCABC: AllocPages 1 0xBD401000 (2) - Success
31:248  0:000  Patching SSDTs: 1 patches each
31:248  0:000   pattern A00A9353, bin not found / already patched!
31:248  0:000  OCABC: AllocPages 1 0xBD3FC000 (5) - Success
31:248  0:000  Patching SSDTs: 1 patches each
31:248  0:000   pattern A00A9353, bin not found / already patched!
31:248  0:000  OCABC: AllocPages 1 0xBD3FA000 (2) - Success
31:248  0:000  Patching SSDTs: 1 patches each
31:248  0:000   pattern A00A9353, bin not found / already patched!
31:248  0:000  OCABC: AllocPages 1 0xBD3F8000 (2) - Success
31:248  0:000  Patching SSDTs: 1 patches each
31:248  0:000   pattern A00A9353, bin not found / already patched!
31:248  0:000  OCABC: AllocPages 1 0xBD3F6000 (2) - Success
31:248  0:000  OCABC: AllocPages 1 0xBD3F6000 (2) - Success
31:248  0:000  OCABC: AllocPages 1 0xBD3F6000 (2) - Success
31:248  0:000  OCABC: AllocPages 1 0xBD3F6000 (2) - Success
31:248  0:000  === [ ACPIPatchedAML ] ==========================
31:248  0:000  AutoMerge pass 2
31:248  0:000  Unsorted
31:248  0:000  Inserting SSDT-RTC0.aml from \EFI\CLOVER\ACPI\patched: size=142 OCABC: AllocPages 1 0xBF67B000 (1) - Success
... Success
31:248  0:000  Inserting SSDT-AWAC.aml from \EFI\CLOVER\ACPI\patched: size=78 OCABC: AllocPages 1 0xBD3F7000 (1) - Success
... Success
31:248  0:000  Inserting SSDT-OLAEC.aml from \EFI\CLOVER\ACPI\patched: size=1132 OCABC: AllocPages 1 0xBD3F6000 (1) - Success
... Success
31:248  0:000  ApicCPUNum=1
31:248  0:000  Cleanup XSDT: count=26, length=244
31:248  0:000  corrected XSDT count=26, length=244
31:248  0:000  === [ RestSetup macOS ] =========================
31:248  0:000  EdidDiscovered size=128
31:248  0:000  --- Discovered EDID Table size:128
31:248  0:000  000  |  00  FF  FF  FF  FF  FF  FF  00  61  A9
31:248  0:000  010  |  C3  23  01  00  00  00  14  1E  01  03
31:248  0:000  020  |  80  35  1D  78  2A  1F  65  A4  55  50
31:248  0:000  030  |  9F  26  0C  50  54  BD  CF  00  71  4F
31:248  0:000  040  |  81  80  81  8C  81  00  95  00  95  0F
31:248  0:000  050  |  A9  C0  B3  00  02  3A  80  18  71  38
31:248  0:000  060  |  2D  40  58  2C  45  00  0F  25  21  00
31:248  0:000  070  |  00  1E  00  00  00  FD  00  32  4B  0F
31:248  0:000  080  |  64  13  00  0A  20  20  20  20  20  20
31:248  0:000  090  |  00  00  00  FF  00  32  39  32  30  30
31:248  0:000  100  |  30  30  30  33  36  38  35  36  00  00
31:248  0:000  110  |  00  FC  00  4D  69  20  4D  6F  6E  69
31:248  0:000  120  |  74  6F  72  0A  20  20  01  6C
31:248  0:000  Intel UHD Graphics 630 [8086:3E91] :: PciRoot(0x0)\Pci(0x2,0x0)
31:248  0:000  Intel GFX revision  = 0x0
31:248  0:000   RCBA disabled; cannot use it
31:248  0:000  stringlength = 1230
31:248  0:000  OCABC: AllocPages 1 0xBD3F5000 (1) - Success
31:248  0:000  CurrentMode: Width=1920 Height=1080
31:248  0:000  SetNvramVariable (system-id, guid, 0x2, 16): -> writing new (Invalid Parameter)
31:249  0:000  SetNvramVariable (MLB, guid, 0x6, 17): -> writing new (Invalid Parameter)
31:249  0:000  SetNvramVariable (ROM, guid, 0x6, 6): -> writing new (Invalid Parameter)
31:250  0:000  SetNvramVariable (FirmwareFeatures, guid, 0x6, 4): -> writing new (Invalid Parameter)
31:250  0:000  SetNvramVariable (FirmwareFeaturesMask, guid, 0x6, 4): -> writing new (Invalid Parameter)
31:251  0:000  SetNvramVariable (ExtendedFirmwareFeatures, guid, 0x6, 8): -> writing new (Invalid Parameter)
31:252  0:000  SetNvramVariable (ExtendedFirmwareFeaturesMask, guid, 0x6, 8): -> writing new (Invalid Parameter)
31:252  0:000  AddNvramVariable (HW_BID, guid, 0x6, 20): -> writing new (Invalid Parameter)
31:254  0:001  AddNvramVariable (security-mode, guid, 0x6, 5): -> already exists, abort
31:254  0:000  DeleteNvramVariable (DefaultBackgroundColor, guid = Not Found):
31:254  0:000  SetNvramVariable (UIScale, guid, 0x6, 1): -> writing new (Invalid Parameter)
31:255  0:000  SetNvramVariable (EFILoginHiDPI, guid, 0x6, 4): -> writing new (Invalid Parameter)
31:255  0:000  SetNvramVariable (flagstate, guid, 0x6, 32): -> writing new (Invalid Parameter)
31:256  0:000  SetNvramVariable (csr-active-config, guid, 0x6, 4): -> writing new (Invalid Parameter)
31:257  0:000  DeleteNvramVariable (BridgeOSHardwareModel, guid = Not Found):
31:257  0:000  DeleteNvramVariable (bootercfg, guid = Not Found):
31:257  0:000  DeleteNvramVariable (nvda_drv, guid = Not Found):
31:257  0:000  DeleteNvramVariable (recovery-boot-mode, guid = Not Found):
31:258  0:000  DeleteNvramVariable (install-product-url, guid = Not Found):
31:258  0:000  DeleteNvramVariable (previous-system-uuid, guid = Not Found):
31:258  0:000  AddNvramVariable (wake-failure, guid, 0x6, 5): -> already exists, abort
31:259  0:000  Use origin smbios table type 1 guid.
31:264  0:005  SetStartupDiskVolume:
31:264  0:000    * Volume: 'ssd'
31:264  0:000    * LoaderPath: '\macOS Install Data\Locked Files\Boot Files\boot.efi'
31:264  0:000    * DevPath: ssd
31:264  0:000    * GUID = F05D1450-4F84-49A5-B5A4-B829627C9589
31:264  0:000  SetNvramVariable (efi-boot-device-data, guid, 0x7, 220): exists(0x7, 220), equal -> not writing again.
31:265  0:000    * efi-boot-device: <array><dict><key>IOMatch</key><dict><key>IOProviderClass</key><string>IOMedia</string><key>IOPropertyMatch</key><dict><key>UUID</key><string>F05D1450-4F84-49A5-B5A4-B829627C9589</string></dict></dict></dict></array>
31:265  0:000  SetNvramVariable (efi-boot-device, guid, 0x7, 216): exists(0x7, 216), equal -> not writing again.
31:265  0:000  Custom boot screen not used because entry has unset use graphics
31:266  0:000  DeleteNvramVariable (IOHibernateRTCVariables, guid = Not Found):
31:266  0:000  DeleteNvramVariable (boot-image, guid = Not Found):
31:267  0:000  Kernel quirks
31:267  0:000  ACPCL 1 AXCL 1 AXEM 0 AXFB 0 CSG 0 DIM 1 DLJ 1 DRC 1 DPM 0 EBTFF 0 EDI 0 IPBS 0 LKP 0 PNKD 1 PTKP 1 TPD 0 XPL 0
31:267  0:000  Closing log
31:269  0:002  OCABC: Patching safe mode sur-2 at off 5AD7
31:269  0:000  OCABC: AllocPages 2 0xBD1F5000 (512) - Success
31:269  0:000  OCABC: AllocPages 2 0xC835C000 (1) - Success
31:269  0:000  OC: Supported boot capabilities 4
31:269  0:000  OCABC: AllocPages 2 0xC835B000 (1) - Success
31:269  0:000  OCABC: All slides are usable! You can disable ProvideCustomSlide!
31:272  0:002  OCOS: OS set: <null> macOS 11.0
31:272  0:000  OCOS: OS set: Apple Inc. macOS 11.0
31:272  0:000  OCOS: Should use black background
31:275  0:002  OCABC: AllocPages 1 0xBD1F4000 (1) - Success
41:278  10:003  OCB: InternalEfiExit C2FF2F18 - Aborted / Unsupported
41:279  0:000  StartImage failed : Aborted
